<?xml version="1.0" encoding="UTF-8"?>
<testsuite xmlns:xsi="http://www.w3.org/2001/XMLSchema-instance" xsi:noNamespaceSchemaLocation="https://maven.apache.org/surefire/maven-surefire-plugin/xsd/surefire-test-report-3.0.xsd" version="3.0" name="cucumber.options.TestRunner" time="10.718" tests="2" errors="0" skipped="0" failures="0">
  <properties>
    <property name="java.specification.version" value="23"/>
    <property name="sun.cpu.isalist" value="amd64"/>
    <property name="sun.jnu.encoding" value="Cp1252"/>
    <property name="java.class.path" value="C:\Users\New\eclipse-workspace\RestAssured\target\test-classes;C:\Users\New\eclipse-workspace\RestAssured\target\classes;C:\Users\New\.m2\repository\io\rest-assured\rest-assured\5.5.5\rest-assured-5.5.5.jar;C:\Users\New\.m2\repository\org\apache\groovy\groovy\4.0.22\groovy-4.0.22.jar;C:\Users\New\.m2\repository\org\apache\groovy\groovy-xml\4.0.22\groovy-xml-4.0.22.jar;C:\Users\New\.m2\repository\org\apache\httpcomponents\httpclient\4.5.13\httpclient-4.5.13.jar;C:\Users\New\.m2\repository\org\apache\httpcomponents\httpcore\4.4.13\httpcore-4.4.13.jar;C:\Users\New\.m2\repository\commons-logging\commons-logging\1.2\commons-logging-1.2.jar;C:\Users\New\.m2\repository\commons-codec\commons-codec\1.11\commons-codec-1.11.jar;C:\Users\New\.m2\repository\org\apache\httpcomponents\httpmime\4.5.13\httpmime-4.5.13.jar;C:\Users\New\.m2\repository\org\hamcrest\hamcrest\2.2\hamcrest-2.2.jar;C:\Users\New\.m2\repository\org\ccil\cowan\tagsoup\tagsoup\1.2.1\tagsoup-1.2.1.jar;C:\Users\New\.m2\repository\io\rest-assured\json-path\5.5.5\json-path-5.5.5.jar;C:\Users\New\.m2\repository\org\apache\groovy\groovy-json\4.0.22\groovy-json-4.0.22.jar;C:\Users\New\.m2\repository\io\rest-assured\rest-assured-common\5.5.5\rest-assured-common-5.5.5.jar;C:\Users\New\.m2\repository\io\rest-assured\xml-path\5.5.5\xml-path-5.5.5.jar;C:\Users\New\.m2\repository\org\apache\commons\commons-lang3\3.16.0\commons-lang3-3.16.0.jar;C:\Users\New\.m2\repository\io\cucumber\cucumber-java\7.24.0\cucumber-java-7.24.0.jar;C:\Users\New\.m2\repository\io\cucumber\cucumber-core\7.24.0\cucumber-core-7.24.0.jar;C:\Users\New\.m2\repository\io\cucumber\cucumber-gherkin\7.24.0\cucumber-gherkin-7.24.0.jar;C:\Users\New\.m2\repository\io\cucumber\cucumber-gherkin-messages\7.24.0\cucumber-gherkin-messages-7.24.0.jar;C:\Users\New\.m2\repository\io\cucumber\gherkin\33.0.0\gherkin-33.0.0.jar;C:\Users\New\.m2\repository\io\cucumber\messages\28.0.0\messages-28.0.0.jar;C:\Users\New\.m2\repository\io\cucumber\pretty-formatter\0.2.0\pretty-formatter-0.2.0.jar;C:\Users\New\.m2\repository\io\cucumber\query\13.5.0\query-13.5.0.jar;C:\Users\New\.m2\repository\io\cucumber\testng-xml-formatter\0.4.0\testng-xml-formatter-0.4.0.jar;C:\Users\New\.m2\repository\io\cucumber\tag-expressions\6.1.2\tag-expressions-6.1.2.jar;C:\Users\New\.m2\repository\io\cucumber\cucumber-expressions\18.0.1\cucumber-expressions-18.0.1.jar;C:\Users\New\.m2\repository\io\cucumber\datatable\7.24.0\datatable-7.24.0.jar;C:\Users\New\.m2\repository\io\cucumber\cucumber-plugin\7.24.0\cucumber-plugin-7.24.0.jar;C:\Users\New\.m2\repository\io\cucumber\docstring\7.24.0\docstring-7.24.0.jar;C:\Users\New\.m2\repository\io\cucumber\html-formatter\21.13.0\html-formatter-21.13.0.jar;C:\Users\New\.m2\repository\io\cucumber\junit-xml-formatter\0.8.0\junit-xml-formatter-0.8.0.jar;C:\Users\New\.m2\repository\io\cucumber\ci-environment\10.0.1\ci-environment-10.0.1.jar;C:\Users\New\.m2\repository\org\apiguardian\apiguardian-api\1.1.2\apiguardian-api-1.1.2.jar;C:\Users\New\.m2\repository\io\cucumber\cucumber-junit\7.24.0\cucumber-junit-7.24.0.jar;C:\Users\New\.m2\repository\com\fasterxml\jackson\core\jackson-databind\2.19.1\jackson-databind-2.19.1.jar;C:\Users\New\.m2\repository\com\fasterxml\jackson\core\jackson-annotations\2.19.1\jackson-annotations-2.19.1.jar;C:\Users\New\.m2\repository\com\fasterxml\jackson\core\jackson-core\2.19.1\jackson-core-2.19.1.jar;C:\Users\New\.m2\repository\junit\junit\4.13.2\junit-4.13.2.jar;C:\Users\New\.m2\repository\org\hamcrest\hamcrest-core\1.3\hamcrest-core-1.3.jar;"/>
    <property name="java.vm.vendor" value="Oracle Corporation"/>
    <property name="sun.arch.data.model" value="64"/>
    <property name="user.variant" value=""/>
    <property name="java.vendor.url" value="https://java.oracle.com/"/>
    <property name="user.timezone" value="Asia/Calcutta"/>
    <property name="os.name" value="Windows 10"/>
    <property name="java.vm.specification.version" value="23"/>
    <property name="sun.java.launcher" value="SUN_STANDARD"/>
    <property name="user.country" value="IN"/>
    <property name="sun.boot.library.path" value="C:\Program Files\Java\jdk-23\bin"/>
    <property name="sun.java.command" value="C:\Users\New\AppData\Local\Temp\surefire14193538314693454800\surefirebooter-20250724154633864_3.jar C:\Users\New\AppData\Local\Temp\surefire14193538314693454800 2025-07-24T15-46-33_572-jvmRun1 surefire-20250724154633864_1tmp surefire_0-20250724154633864_2tmp"/>
    <property name="jdk.debug" value="release"/>
    <property name="surefire.test.class.path" value="C:\Users\New\eclipse-workspace\RestAssured\target\test-classes;C:\Users\New\eclipse-workspace\RestAssured\target\classes;C:\Users\New\.m2\repository\io\rest-assured\rest-assured\5.5.5\rest-assured-5.5.5.jar;C:\Users\New\.m2\repository\org\apache\groovy\groovy\4.0.22\groovy-4.0.22.jar;C:\Users\New\.m2\repository\org\apache\groovy\groovy-xml\4.0.22\groovy-xml-4.0.22.jar;C:\Users\New\.m2\repository\org\apache\httpcomponents\httpclient\4.5.13\httpclient-4.5.13.jar;C:\Users\New\.m2\repository\org\apache\httpcomponents\httpcore\4.4.13\httpcore-4.4.13.jar;C:\Users\New\.m2\repository\commons-logging\commons-logging\1.2\commons-logging-1.2.jar;C:\Users\New\.m2\repository\commons-codec\commons-codec\1.11\commons-codec-1.11.jar;C:\Users\New\.m2\repository\org\apache\httpcomponents\httpmime\4.5.13\httpmime-4.5.13.jar;C:\Users\New\.m2\repository\org\hamcrest\hamcrest\2.2\hamcrest-2.2.jar;C:\Users\New\.m2\repository\org\ccil\cowan\tagsoup\tagsoup\1.2.1\tagsoup-1.2.1.jar;C:\Users\New\.m2\repository\io\rest-assured\json-path\5.5.5\json-path-5.5.5.jar;C:\Users\New\.m2\repository\org\apache\groovy\groovy-json\4.0.22\groovy-json-4.0.22.jar;C:\Users\New\.m2\repository\io\rest-assured\rest-assured-common\5.5.5\rest-assured-common-5.5.5.jar;C:\Users\New\.m2\repository\io\rest-assured\xml-path\5.5.5\xml-path-5.5.5.jar;C:\Users\New\.m2\repository\org\apache\commons\commons-lang3\3.16.0\commons-lang3-3.16.0.jar;C:\Users\New\.m2\repository\io\cucumber\cucumber-java\7.24.0\cucumber-java-7.24.0.jar;C:\Users\New\.m2\repository\io\cucumber\cucumber-core\7.24.0\cucumber-core-7.24.0.jar;C:\Users\New\.m2\repository\io\cucumber\cucumber-gherkin\7.24.0\cucumber-gherkin-7.24.0.jar;C:\Users\New\.m2\repository\io\cucumber\cucumber-gherkin-messages\7.24.0\cucumber-gherkin-messages-7.24.0.jar;C:\Users\New\.m2\repository\io\cucumber\gherkin\33.0.0\gherkin-33.0.0.jar;C:\Users\New\.m2\repository\io\cucumber\messages\28.0.0\messages-28.0.0.jar;C:\Users\New\.m2\repository\io\cucumber\pretty-formatter\0.2.0\pretty-formatter-0.2.0.jar;C:\Users\New\.m2\repository\io\cucumber\query\13.5.0\query-13.5.0.jar;C:\Users\New\.m2\repository\io\cucumber\testng-xml-formatter\0.4.0\testng-xml-formatter-0.4.0.jar;C:\Users\New\.m2\repository\io\cucumber\tag-expressions\6.1.2\tag-expressions-6.1.2.jar;C:\Users\New\.m2\repository\io\cucumber\cucumber-expressions\18.0.1\cucumber-expressions-18.0.1.jar;C:\Users\New\.m2\repository\io\cucumber\datatable\7.24.0\datatable-7.24.0.jar;C:\Users\New\.m2\repository\io\cucumber\cucumber-plugin\7.24.0\cucumber-plugin-7.24.0.jar;C:\Users\New\.m2\repository\io\cucumber\docstring\7.24.0\docstring-7.24.0.jar;C:\Users\New\.m2\repository\io\cucumber\html-formatter\21.13.0\html-formatter-21.13.0.jar;C:\Users\New\.m2\repository\io\cucumber\junit-xml-formatter\0.8.0\junit-xml-formatter-0.8.0.jar;C:\Users\New\.m2\repository\io\cucumber\ci-environment\10.0.1\ci-environment-10.0.1.jar;C:\Users\New\.m2\repository\org\apiguardian\apiguardian-api\1.1.2\apiguardian-api-1.1.2.jar;C:\Users\New\.m2\repository\io\cucumber\cucumber-junit\7.24.0\cucumber-junit-7.24.0.jar;C:\Users\New\.m2\repository\com\fasterxml\jackson\core\jackson-databind\2.19.1\jackson-databind-2.19.1.jar;C:\Users\New\.m2\repository\com\fasterxml\jackson\core\jackson-annotations\2.19.1\jackson-annotations-2.19.1.jar;C:\Users\New\.m2\repository\com\fasterxml\jackson\core\jackson-core\2.19.1\jackson-core-2.19.1.jar;C:\Users\New\.m2\repository\junit\junit\4.13.2\junit-4.13.2.jar;C:\Users\New\.m2\repository\org\hamcrest\hamcrest-core\1.3\hamcrest-core-1.3.jar;"/>
    <property name="sun.cpu.endian" value="little"/>
    <property name="user.home" value="C:\Users\New"/>
    <property name="user.language" value="en"/>
    <property name="java.specification.vendor" value="Oracle Corporation"/>
    <property name="java.version.date" value="2024-10-15"/>
    <property name="java.home" value="C:\Program Files\Java\jdk-23"/>
    <property name="file.separator" value="\"/>
    <property name="basedir" value="C:\Users\New\eclipse-workspace\RestAssured"/>
    <property name="java.vm.compressedOopsMode" value="Zero based"/>
    <property name="line.separator" value="&#10;"/>
    <property name="java.vm.specification.vendor" value="Oracle Corporation"/>
    <property name="java.specification.name" value="Java Platform API Specification"/>
    <property name="surefire.real.class.path" value="C:\Users\New\AppData\Local\Temp\surefire14193538314693454800\surefirebooter-20250724154633864_3.jar"/>
    <property name="user.script" value=""/>
    <property name="sun.management.compiler" value="HotSpot 64-Bit Tiered Compilers"/>
    <property name="java.runtime.version" value="23.0.1+11-39"/>
    <property name="user.name" value="Vignesh E"/>
    <property name="stdout.encoding" value="Cp1252"/>
    <property name="path.separator" value=";"/>
    <property name="os.version" value="10.0"/>
    <property name="java.runtime.name" value="Java(TM) SE Runtime Environment"/>
    <property name="file.encoding" value="UTF-8"/>
    <property name="java.vm.name" value="Java HotSpot(TM) 64-Bit Server VM"/>
    <property name="localRepository" value="C:\Users\New\.m2\repository"/>
    <property name="java.vendor.url.bug" value="https://bugreport.java.com/bugreport/"/>
    <property name="java.io.tmpdir" value="C:\Users\New\AppData\Local\Temp\"/>
    <property name="java.version" value="23.0.1"/>
    <property name="user.dir" value="C:\Users\New\eclipse-workspace\RestAssured"/>
    <property name="os.arch" value="amd64"/>
    <property name="java.vm.specification.name" value="Java Virtual Machine Specification"/>
    <property name="sun.os.patch.level" value=""/>
    <property name="native.encoding" value="Cp1252"/>
    <property name="java.library.path" value="C:\Program Files\Java\jdk-23\bin;C:\Windows\Sun\Java\bin;C:\Windows\system32;C:\Windows;C:\Program Files\Common Files\Oracle\Java\javapath;C:\Windows\system32;C:\Windows;C:\Windows\System32\Wbem;C:\Windows\System32\WindowsPowerShell\v1.0\;C:\Windows\System32\OpenSSH\;C:\Program Files\Microsoft SQL Server\Client SDK\ODBC\110\Tools\Binn\;C:\Program Files (x86)\Microsoft SQL Server\120\Tools\Binn\;C:\Program Files\Microsoft SQL Server\120\Tools\Binn\;C:\Program Files\Microsoft SQL Server\120\DTS\Binn\;C:\Program Files (x86)\dotnet\;C:\Program Files\Java\jdk-23\bin;C:\Users\New\Downloads\apache-maven-3.9.11-bin\apache-maven-3.9.11\bin;C:\Users\New\AppData\Local\Microsoft\WindowsApps;;."/>
    <property name="java.vm.info" value="mixed mode, sharing"/>
    <property name="stderr.encoding" value="Cp1252"/>
    <property name="java.vendor" value="Oracle Corporation"/>
    <property name="java.vm.version" value="23.0.1+11-39"/>
    <property name="sun.io.unicode.encoding" value="UnicodeLittle"/>
    <property name="java.class.version" value="67.0"/>
  </properties>
  <testcase name="successfully adding a new place" classname="Adding new place" time="7.128">
    <system-out><![CDATA[Body:
{
    "location": {
        "lat": "38.383494",
        "lng": "33.427362"
    },
    "accuracy": "100",
    "name": "Vicky",
    "phone_number": "9176441288",
    "address": "Poonamallee",
    "types": [
        "shoe park",
        "shop"
    ],
    "website": "www.google.com",
    "language": "Tamil"
}
9e5b49c768cd867eadce00167a5db44b
Body:			<none>
Vicky
]]></system-out>
  </testcase>
  <testcase name="Delete place api" classname="Adding new place" time="2.254">
    <system-out><![CDATA[Body:
{
    "place_id": "fc36bc6b92ec239010b26547d17590ea"
}
{"status":"OK"}
OK
]]></system-out>
  </testcase>
</testsuite>